<?xml version="1.0" encoding="UTF-8"?>
<testsuite xmlns:xsi="http://www.w3.org/2001/XMLSchema-instance" xsi:noNamespaceSchemaLocation="https://maven.apache.org/surefire/maven-surefire-plugin/xsd/surefire-test-report-3.0.xsd" version="3.0" name="Validate petstore DELETE orders APIs" time="10.605" tests="6" errors="0" skipped="0" failures="0">
  <properties>
[...]
</properties>
  <testcase name="Verify the order being placed using &quot;postOrderApi&quot; #1" classname="Validate petstore POST orders APIs" time="7.73"/>
  <testcase name="Verify the order being placed using &quot;postOrderApi&quot; #2" classname="Validate petstore POST orders APIs" time="0.562"/>
  <testcase name="Verify the orders using &quot;getOrderApi&quot; #1" classname="Validate petstore GET orders APIs" time="0.641"/>
  <testcase name="Verify the orders using &quot;getOrderApi&quot; #2" classname="Validate petstore GET orders APIs" time="0.515"/>
  <testcase name="Verify delete order functionality is working using &quot;deleteOrderApi&quot; #1" classname="Validate petstore DELETE orders APIs" time="0.563"/>
  <testcase name="Verify delete order functionality is working using &quot;deleteOrderApi&quot; #2" classname="Validate petstore DELETE orders APIs" time="0.5"/>
</testsuite>